Unity Editor version:    2023.2.7f1 (0a9195b3d453)
Branch:                  2023.2/staging
Build type:              Release
Batch mode:              YES
macOS version:           Version 14.4.1 (Build 23E224)
Darwin version:          23.4.0
Architecture:            arm64
Running under Rosetta:   NO
Available memory:        16384 MB
Using pre-set license
Pro License: YES

COMMAND LINE ARGUMENTS:
/Applications/Unity/Hub/Editor/2023.2.7f1/Unity.app/Contents/MacOS/Unity
-adb2
-batchMode
-noUpm
-name
AssetImportWorker0
-projectPath
/Users/omaressa/Terrain Assignment
-logFile
Logs/AssetImportWorker0.log
-srvPort
56289
-job-worker-count
3
-background-job-worker-count
8
-asset-garbage-collectors
1
Successfully changed project path to: /Users/omaressa/Terrain Assignment
/Users/omaressa/Terrain Assignment
[UnityMemory] Configuration Parameters - Can be set up in boot.config
    "memorysetup-bucket-allocator-granularity=16"
    "memorysetup-bucket-allocator-bucket-count=8"
    "memorysetup-bucket-allocator-block-size=33554432"
    "memorysetup-bucket-allocator-block-count=8"
    "memorysetup-main-allocator-block-size=16777216"
    "memorysetup-thread-allocator-block-size=16777216"
    "memorysetup-gfx-main-allocator-block-size=16777216"
    "memorysetup-gfx-thread-allocator-block-size=16777216"
    "memorysetup-cache-allocator-block-size=4194304"
    "memorysetup-typetree-allocator-block-size=2097152"
    "memorysetup-profiler-bucket-allocator-granularity=16"
    "memorysetup-profiler-bucket-allocator-bucket-count=8"
    "memorysetup-profiler-bucket-allocator-block-size=33554432"
    "memorysetup-profiler-bucket-allocator-block-count=8"
    "memorysetup-profiler-allocator-block-size=16777216"
    "memorysetup-profiler-editor-allocator-block-size=1048576"
    "memorysetup-temp-allocator-size-main=16777216"
    "memorysetup-job-temp-allocator-block-size=2097152"
    "memorysetup-job-temp-allocator-block-size-background=1048576"
    "memorysetup-job-temp-allocator-reduction-small-platforms=262144"
    "memorysetup-allocator-temp-initial-block-size-main=262144"
    "memorysetup-allocator-temp-initial-block-size-worker=262144"
    "memorysetup-temp-allocator-size-background-worker=32768"
    "memorysetup-temp-allocator-size-job-worker=262144"
    "memorysetup-temp-allocator-size-preload-manager=33554432"
    "memorysetup-temp-allocator-size-nav-mesh-worker=65536"
    "memorysetup-temp-allocator-size-audio-worker=65536"
    "memorysetup-temp-allocator-size-cloud-worker=32768"
    "memorysetup-temp-allocator-size-gi-baking-worker=262144"
    "memorysetup-temp-allocator-size-gi-baking-worker=262144"
    "memorysetup-temp-allocator-size-gi-baking-worker=262144"
    "memorysetup-temp-allocator-size-gi-baking-worker=262144"
    "memorysetup-temp-allocator-size-gfx=262144"
Player connection [8488172224] Host "[IP] 192.168.0.101 [Port] 0 [Flags] 2 [Guid] 3029982657 [EditorId] 3029982657 [Version] 1048832 [Id] OSXEditor(0,Omars-MacBook-Pro.local) [Debug] 1 [PackageName] OSXEditor [ProjectName] Editor" joined multi-casting on [225.0.0.222:54997]...
Player connection [8488172224] Host "[IP] 192.168.0.101 [Port] 0 [Flags] 2 [Guid] 3029982657 [EditorId] 3029982657 [Version] 1048832 [Id] OSXEditor(0,Omars-MacBook-Pro.local) [Debug] 1 [PackageName] OSXEditor [ProjectName] Editor" joined alternative multi-casting on [225.0.0.222:34997]...
JobSystem: Creating JobQueue using job-worker-count value 3
[Physics::Module] Initialized MultithreadedJobDispatcher with 3 workers.
Library Redirect Path: Library/
Refreshing native plugins compatible for Editor in 0.88 ms, found 2 plugins.
Preloading 0 native plugins for Editor in 0.00 ms.
Initialize engine version: 2023.2.7f1 (0a9195b3d453)
[Subsystems] Discovering subsystems at path /Applications/Unity/Hub/Editor/2023.2.7f1/Unity.app/Contents/Resources/UnitySubsystems
[Subsystems] Discovering subsystems at path /Users/omaressa/Terrain Assignment/Assets
GfxDevice: creating device client; kGfxThreadingModeNonThreaded
 preferred device: Apple M1 (high power)
Metal devices available: 1
0: Apple M1 (high power)
Using device Apple M1 (high power)
Initializing Metal device caps: Apple M1
Initialize mono
Mono path[0] = '/Applications/Unity/Hub/Editor/2023.2.7f1/Unity.app/Contents/Managed'
Mono path[1] = '/Applications/Unity/Hub/Editor/2023.2.7f1/Unity.app/Contents/MonoBleedingEdge/lib/mono/unityjit-macos'
Mono config path = '/Applications/Unity/Hub/Editor/2023.2.7f1/Unity.app/Contents/MonoBleedingEdge/etc'
Using monoOptions --debugger-agent=transport=dt_socket,embedding=1,server=y,suspend=n,address=127.0.0.1:56748
Begin MonoManager ReloadAssembly
icall.c:1842:
icall.c:1842:
icall.c:1842:
icall.c:1842:
icall.c:1842:
icall.c:1842:
icall.c:1842:
icall.c:1842:
icall.c:1842:
icall.c:1842:
Registering precompiled unity dll's ...
Register platform support module: /Applications/Unity/Hub/Editor/2023.2.7f1/PlaybackEngines/WebGLSupport/UnityEditor.WebGL.Extensions.dll
Register platform support module: /Applications/Unity/Hub/Editor/2023.2.7f1/Unity.app/Contents/PlaybackEngines/MacStandaloneSupport/UnityEditor.OSXStandalone.Extensions.dll
Registered in 0.004265 seconds.
- Loaded All Assemblies, in  0.284 seconds
Native extension for OSXStandalone target not found
Native extension for WebGL target not found
Mono: successfully reloaded assembly
icall.c:1842:
icall.c:1842:
- Finished resetting the current domain, in  0.227 seconds
Domain Reload Profiling: 511ms
	BeginReloadAssembly (90ms)
		ExecutionOrderSort (0ms)
		DisableScriptedObjects (0ms)
		BackupInstance (0ms)
		ReleaseScriptingObjects (0ms)
		CreateAndSetChildDomain (1ms)
	RebuildCommonClasses (28ms)
	RebuildNativeTypeToScriptingClass (10ms)
	initialDomainReloadingComplete (35ms)
	LoadAllAssembliesAndSetupDomain (120ms)
		LoadAssemblies (90ms)
		RebuildTransferFunctionScriptingTraits (0ms)
		AnalyzeDomain (118ms)
			TypeCache.Refresh (117ms)
				TypeCache.ScanAssembly (107ms)
			BuildScriptInfoCaches (0ms)
			ResolveRequiredComponents (0ms)
	FinalizeReload (228ms)
		ReleaseScriptCaches (0ms)
		RebuildScriptCaches (0ms)
		SetupLoadedEditorAssemblies (188ms)
			LogAssemblyErrors (0ms)
			InitializePlatformSupportModulesInManaged (6ms)
			SetLoadedEditorAssemblies (4ms)
			BeforeProcessingInitializeOnLoad (5ms)
			ProcessInitializeOnLoadAttributes (134ms)
			ProcessInitializeOnLoadMethodAttributes (39ms)
			AfterProcessingInitializeOnLoad (0ms)
			EditorAssembliesLoaded (0ms)
		ExecutionOrderSort2 (0ms)
		AwakeInstancesAfterBackupRestoration (0ms)
========================================================================
Worker process is ready to serve import requests
Import Worker Mode flag is 0x00
Begin MonoManager ReloadAssembly
icall.c:1842:
icall.c:1842:
icall.c:1842:
icall.c:1842:
icall.c:1842:
icall.c:1842:
icall.c:1842:
icall.c:1842:
icall.c:1842:
icall.c:1842:
icall.c:1842:
icall.c:1842:
Symbol file LoadedFromMemory doesn't match image /Users/omaressa/Terrain Assignment/Library/PackageCache/com.unity.visualscripting@1.8.0/Editor/VisualScripting.Core/Dependencies/YamlDotNet/Unity.VisualScripting.YamlDotNet.dll
Symbol file LoadedFromMemory doesn't match image /Users/omaressa/Terrain Assignment/Library/PackageCache/com.unity.visualscripting@1.8.0/Editor/VisualScripting.Core/Dependencies/DotNetZip/Unity.VisualScripting.IonicZip.dll
- Loaded All Assemblies, in  0.571 seconds
Refreshing native plugins compatible for Editor in 0.14 ms, found 2 plugins.
Native extension for OSXStandalone target not found
Native extension for WebGL target not found
Mono: successfully reloaded assembly
- Finished resetting the current domain, in  0.410 seconds
Domain Reload Profiling: 979ms
	BeginReloadAssembly (193ms)
		ExecutionOrderSort (0ms)
		DisableScriptedObjects (4ms)
		BackupInstance (0ms)
		ReleaseScriptingObjects (0ms)
		CreateAndSetChildDomain (29ms)
	RebuildCommonClasses (27ms)
	RebuildNativeTypeToScriptingClass (10ms)
	initialDomainReloadingComplete (22ms)
	LoadAllAssembliesAndSetupDomain (316ms)
		LoadAssemblies (220ms)
		RebuildTransferFunctionScriptingTraits (0ms)
		AnalyzeDomain (129ms)
			TypeCache.Refresh (113ms)
				TypeCache.ScanAssembly (100ms)
			BuildScriptInfoCaches (12ms)
			ResolveRequiredComponents (3ms)
	FinalizeReload (410ms)
		ReleaseScriptCaches (0ms)
		RebuildScriptCaches (0ms)
		SetupLoadedEditorAssemblies (285ms)
			LogAssemblyErrors (0ms)
			InitializePlatformSupportModulesInManaged (2ms)
			SetLoadedEditorAssemblies (3ms)
			BeforeProcessingInitializeOnLoad (25ms)
			ProcessInitializeOnLoadAttributes (242ms)
			ProcessInitializeOnLoadMethodAttributes (13ms)
			AfterProcessingInitializeOnLoad (1ms)
			EditorAssembliesLoaded (0ms)
		ExecutionOrderSort2 (0ms)
		AwakeInstancesAfterBackupRestoration (2ms)
Launching external process: /Applications/Unity/Hub/Editor/2023.2.7f1/Unity.app/Contents/Tools/UnityShaderCompiler
Launched and connected shader compiler UnityShaderCompiler after 0.03 seconds
Refreshing native plugins compatible for Editor in 0.22 ms, found 2 plugins.
Preloading 0 native plugins for Editor in 0.00 ms.
Unloading 29 Unused Serialized files (Serialized files now loaded: 0)
Unloading 3498 unused Assets / (0.9 MB). Loaded Objects now: 4073.
Memory consumption went from 130.4 MB to 129.4 MB.
Total: 3.972125 ms (FindLiveObjects: 0.262291 ms CreateObjectMapping: 0.095834 ms MarkObjects: 3.052708 ms  DeleteObjects: 0.560792 ms)

========================================================================
Received Import Request.
  Time since last request: 182810.740234 seconds.
  path: Assets
  artifactKey: Guid(00000000000000001000000000000000) Importer(815301076,1909f56bfc062723c751e8b465ee728b)
Start importing Assets using Guid(00000000000000001000000000000000) Importer(815301076,1909f56bfc062723c751e8b465ee728b) (PreviewImporter) -> (artifact id: 'f34163397d7a73dad3366c662ac23692') in 0.002689666 seconds
Number of updated asset objects reloaded before import = 0Number of asset objects unloaded after import = 0

========================================================================
Received Import Request.
  Time since last request: 1.942205 seconds.
  path: Assets/Textures
  artifactKey: Guid(7e312d11419b346c7a83fd2f7586bf35) Importer(815301076,1909f56bfc062723c751e8b465ee728b)
Start importing Assets/Textures using Guid(7e312d11419b346c7a83fd2f7586bf35) Importer(815301076,1909f56bfc062723c751e8b465ee728b) (PreviewImporter) -> (artifact id: '5c9de1baaa63dd05cda15b47520084c3') in 0.000380042 seconds
Number of updated asset objects reloaded before import = 0Number of asset objects unloaded after import = 0

========================================================================
Received Import Request.
  Time since last request: 194.908318 seconds.
  path: Assets/Sci-Fi Styled Modular Pack/Textures/base-color.png
  artifactKey: Guid(dfcd4dcb2145c6d4f9da3e7654d22d9e) Importer(815301076,1909f56bfc062723c751e8b465ee728b)
Start importing Assets/Sci-Fi Styled Modular Pack/Textures/base-color.png using Guid(dfcd4dcb2145c6d4f9da3e7654d22d9e) Importer(815301076,1909f56bfc062723c751e8b465ee728b) (PreviewImporter) -> (artifact id: '9a9b3dd1aba6fa01857a4d835f18ee80') in 0.090907542 seconds
Number of updated asset objects reloaded before import = 0Number of asset objects unloaded after import = 2

========================================================================
Received Import Request.
  Time since last request: 0.000095 seconds.
  path: Assets/Sci-Fi Styled Modular Pack/Textures/black-color.png
  artifactKey: Guid(d35a86981ce0835469c36ee0215785b3) Importer(815301076,1909f56bfc062723c751e8b465ee728b)
Start importing Assets/Sci-Fi Styled Modular Pack/Textures/black-color.png using Guid(d35a86981ce0835469c36ee0215785b3) Importer(815301076,1909f56bfc062723c751e8b465ee728b) (PreviewImporter) -> (artifact id: '2f87e2958402a6b15560131989f9e291') in 0.003685208 seconds
Number of updated asset objects reloaded before import = 0Number of asset objects unloaded after import = 2

========================================================================
Received Import Request.
  Time since last request: 0.000117 seconds.
  path: Assets/Sci-Fi Styled Modular Pack/Textures/blood-color.png
  artifactKey: Guid(a08b90f188f43c9429b6b84b6e2d696c) Importer(815301076,1909f56bfc062723c751e8b465ee728b)
Start importing Assets/Sci-Fi Styled Modular Pack/Textures/blood-color.png using Guid(a08b90f188f43c9429b6b84b6e2d696c) Importer(815301076,1909f56bfc062723c751e8b465ee728b) (PreviewImporter) -> (artifact id: 'e9389a228db3f1f4285b340b46402630') in 0.00550325 seconds
Number of updated asset objects reloaded before import = 0Number of asset objects unloaded after import = 2

========================================================================
Received Import Request.
  Time since last request: 0.000121 seconds.
  path: Assets/Sci-Fi Styled Modular Pack/Textures/coffee-color.png
  artifactKey: Guid(0444929aa8d1adf45a0fe7c3c3c8d205) Importer(815301076,1909f56bfc062723c751e8b465ee728b)
Start importing Assets/Sci-Fi Styled Modular Pack/Textures/coffee-color.png using Guid(0444929aa8d1adf45a0fe7c3c3c8d205) Importer(815301076,1909f56bfc062723c751e8b465ee728b) (PreviewImporter) -> (artifact id: 'fd96239a1629b341f55e7fb55621b1ff') in 0.003264292 seconds
Number of updated asset objects reloaded before import = 0Number of asset objects unloaded after import = 2

========================================================================
Received Import Request.
  Time since last request: 0.000106 seconds.
  path: Assets/Sci-Fi Styled Modular Pack/Textures/bush.png
  artifactKey: Guid(e183aa09c01ee5b49b32b70535924240) Importer(815301076,1909f56bfc062723c751e8b465ee728b)
Start importing Assets/Sci-Fi Styled Modular Pack/Textures/bush.png using Guid(e183aa09c01ee5b49b32b70535924240) Importer(815301076,1909f56bfc062723c751e8b465ee728b) (PreviewImporter) -> (artifact id: '9956969508861732d82fc638e0317cc1') in 0.004167875 seconds
Number of updated asset objects reloaded before import = 0Number of asset objects unloaded after import = 2

========================================================================
Received Import Request.
  Time since last request: 0.000322 seconds.
  path: Assets/Sci-Fi Styled Modular Pack/Textures/blue-color.png
  artifactKey: Guid(a698da84decbb5f43881903177570fe2) Importer(815301076,1909f56bfc062723c751e8b465ee728b)
Start importing Assets/Sci-Fi Styled Modular Pack/Textures/blue-color.png using Guid(a698da84decbb5f43881903177570fe2) Importer(815301076,1909f56bfc062723c751e8b465ee728b) (PreviewImporter) -> (artifact id: '4f689d21e6ad66c66628976d7399173e') in 0.003042375 seconds
Number of updated asset objects reloaded before import = 0Number of asset objects unloaded after import = 2

========================================================================
Received Import Request.
  Time since last request: 0.000232 seconds.
  path: Assets/Sci-Fi Styled Modular Pack/Textures/computer_wall_metalic.png
  artifactKey: Guid(1b0399fc6de3a0d44bbdc4362aa0e992) Importer(815301076,1909f56bfc062723c751e8b465ee728b)
Start importing Assets/Sci-Fi Styled Modular Pack/Textures/computer_wall_metalic.png using Guid(1b0399fc6de3a0d44bbdc4362aa0e992) Importer(815301076,1909f56bfc062723c751e8b465ee728b) (PreviewImporter) -> (artifact id: '13733812fc7dc15aeb1d0424dd74e2b7') in 0.004036917 seconds
Number of updated asset objects reloaded before import = 0Number of asset objects unloaded after import = 2

========================================================================
Received Import Request.
  Time since last request: 1.677465 seconds.
  path: Assets/Sci-Fi Styled Modular Pack/Textures/computer_wall_texture.png
  artifactKey: Guid(7b98260aedcf3b0438023520105fd422) Importer(815301076,1909f56bfc062723c751e8b465ee728b)
Start importing Assets/Sci-Fi Styled Modular Pack/Textures/computer_wall_texture.png using Guid(7b98260aedcf3b0438023520105fd422) Importer(815301076,1909f56bfc062723c751e8b465ee728b) (PreviewImporter) -> (artifact id: '2de1a5603338a78ef359c705ca4c3234') in 0.03219175 seconds
Number of updated asset objects reloaded before import = 0Number of asset objects unloaded after import = 3

========================================================================
Received Import Request.
  Time since last request: 0.000061 seconds.
  path: Assets/Sci-Fi Styled Modular Pack/Textures/green-color.png
  artifactKey: Guid(ba91a1c5cb9dd2a4d96a74f4a569b02b) Importer(815301076,1909f56bfc062723c751e8b465ee728b)
Start importing Assets/Sci-Fi Styled Modular Pack/Textures/green-color.png using Guid(ba91a1c5cb9dd2a4d96a74f4a569b02b) Importer(815301076,1909f56bfc062723c751e8b465ee728b) (PreviewImporter) -> (artifact id: 'a489690ccbd79abe6e8f226d98a9d8a2') in 0.003552958 seconds
Number of updated asset objects reloaded before import = 0Number of asset objects unloaded after import = 2

========================================================================
Received Import Request.
  Time since last request: 0.000068 seconds.
  path: Assets/Textures/Grass_02.png
  artifactKey: Guid(a21465c160cea424fb62dbe620ea1b8c) Importer(815301076,1909f56bfc062723c751e8b465ee728b)
Start importing Assets/Textures/Grass_02.png using Guid(a21465c160cea424fb62dbe620ea1b8c) Importer(815301076,1909f56bfc062723c751e8b465ee728b) (PreviewImporter) -> (artifact id: 'd8b05852cad66466751690ced4a81939') in 0.004094958 seconds
Number of updated asset objects reloaded before import = 0Number of asset objects unloaded after import = 2

========================================================================
Received Import Request.
  Time since last request: 0.024037 seconds.
  path: Assets/Sci-Fi Styled Modular Pack/Textures/grey-color.png
  artifactKey: Guid(5293294e5c42df8419dcb5492d2d0744) Importer(815301076,1909f56bfc062723c751e8b465ee728b)
Start importing Assets/Sci-Fi Styled Modular Pack/Textures/grey-color.png using Guid(5293294e5c42df8419dcb5492d2d0744) Importer(815301076,1909f56bfc062723c751e8b465ee728b) (PreviewImporter) -> (artifact id: 'c4a70cdae8295b0f9595f79dc6b560b7') in 0.008279375 seconds
Number of updated asset objects reloaded before import = 0Number of asset objects unloaded after import = 3

========================================================================
Received Import Request.
  Time since last request: 0.000032 seconds.
  path: Assets/Sci-Fi Styled Modular Pack/Textures/hologram texture.png
  artifactKey: Guid(298751e2d47c6fc4dabd5e865463c5f5) Importer(815301076,1909f56bfc062723c751e8b465ee728b)
Start importing Assets/Sci-Fi Styled Modular Pack/Textures/hologram texture.png using Guid(298751e2d47c6fc4dabd5e865463c5f5) Importer(815301076,1909f56bfc062723c751e8b465ee728b) (PreviewImporter) -> (artifact id: '42496d3cb038cbef23545825e697c89b') in 0.003660916 seconds
Number of updated asset objects reloaded before import = 0Number of asset objects unloaded after import = 2

========================================================================
Received Import Request.
  Time since last request: 0.000047 seconds.
  path: Assets/Sci-Fi Styled Modular Pack/Textures/keyboard.png
  artifactKey: Guid(100fc9940c400c240b007aa43d269cc3) Importer(815301076,1909f56bfc062723c751e8b465ee728b)
Start importing Assets/Sci-Fi Styled Modular Pack/Textures/keyboard.png using Guid(100fc9940c400c240b007aa43d269cc3) Importer(815301076,1909f56bfc062723c751e8b465ee728b) (PreviewImporter) -> (artifact id: '388854b7e701241967722eb20010a9ea') in 0.005064709 seconds
Number of updated asset objects reloaded before import = 0Number of asset objects unloaded after import = 3

========================================================================
Received Import Request.
  Time since last request: 0.002119 seconds.
  path: Assets/Sci-Fi Styled Modular Pack/Textures/lattice-emision-mask.png
  artifactKey: Guid(a2439a5526984d64c804eae4d1d65b8a) Importer(815301076,1909f56bfc062723c751e8b465ee728b)
Start importing Assets/Sci-Fi Styled Modular Pack/Textures/lattice-emision-mask.png using Guid(a2439a5526984d64c804eae4d1d65b8a) Importer(815301076,1909f56bfc062723c751e8b465ee728b) (PreviewImporter) -> (artifact id: 'eda75823ae18921ffb4b35c03c010fa9') in 0.056919334 seconds
Number of updated asset objects reloaded before import = 0Number of asset objects unloaded after import = 2

========================================================================
Received Import Request.
  Time since last request: 0.000040 seconds.
  path: Assets/Sci-Fi Styled Modular Pack/Textures/projector_warning.png
  artifactKey: Guid(2e2333c960274e741a36e9f3cc903039) Importer(815301076,1909f56bfc062723c751e8b465ee728b)
Start importing Assets/Sci-Fi Styled Modular Pack/Textures/projector_warning.png using Guid(2e2333c960274e741a36e9f3cc903039) Importer(815301076,1909f56bfc062723c751e8b465ee728b) (PreviewImporter) -> (artifact id: 'fa5869895acd587654d730fefd726a1c') in 0.003607334 seconds
Number of updated asset objects reloaded before import = 0Number of asset objects unloaded after import = 2

========================================================================
Received Import Request.
  Time since last request: 0.000096 seconds.
  path: Assets/Sci-Fi Styled Modular Pack/Textures/window_big_emission_mask.png
  artifactKey: Guid(343596706f539db458d30dcc935523b4) Importer(815301076,1909f56bfc062723c751e8b465ee728b)
Start importing Assets/Sci-Fi Styled Modular Pack/Textures/window_big_emission_mask.png using Guid(343596706f539db458d30dcc935523b4) Importer(815301076,1909f56bfc062723c751e8b465ee728b) (PreviewImporter) -> (artifact id: 'adf064fc1a4de56ca2df6f922a659fa9') in 0.004080333 seconds
Number of updated asset objects reloaded before import = 0Number of asset objects unloaded after import = 2

========================================================================
Received Import Request.
  Time since last request: 0.000043 seconds.
  path: Assets/Sci-Fi Styled Modular Pack/Textures/second-color.png
  artifactKey: Guid(35c79cc0b2e9d394faa8922409ffb64a) Importer(815301076,1909f56bfc062723c751e8b465ee728b)
Start importing Assets/Sci-Fi Styled Modular Pack/Textures/second-color.png using Guid(35c79cc0b2e9d394faa8922409ffb64a) Importer(815301076,1909f56bfc062723c751e8b465ee728b) (PreviewImporter) -> (artifact id: '8411e6d0a3ce8adbbc0da6080fb5eec1') in 0.0080595 seconds
Number of updated asset objects reloaded before import = 0Number of asset objects unloaded after import = 3

========================================================================
Received Import Request.
  Time since last request: 239.751361 seconds.
  path: Assets/NewLayer 1.terrainlayer
  artifactKey: Guid(fe63f52044f6f4d4798d6b0ecb6d3d78) Importer(815301076,1909f56bfc062723c751e8b465ee728b)
Start importing Assets/NewLayer 1.terrainlayer using Guid(fe63f52044f6f4d4798d6b0ecb6d3d78) Importer(815301076,1909f56bfc062723c751e8b465ee728b) (PreviewImporter) -> (artifact id: '6ee45d1a02b4e9cca7e5bf4f084223ad') in 0.013303959 seconds
Number of updated asset objects reloaded before import = 0Number of asset objects unloaded after import = 2

========================================================================
Received Import Request.
  Time since last request: 37.838762 seconds.
  path: Assets/New Terrain.asset
  artifactKey: Guid(691800bc27d2f4730b45488a5d0e20c8) Importer(815301076,1909f56bfc062723c751e8b465ee728b)
Start importing Assets/New Terrain.asset using Guid(691800bc27d2f4730b45488a5d0e20c8) Importer(815301076,1909f56bfc062723c751e8b465ee728b) (PreviewImporter) -> (artifact id: '7a06155f472b59bebb15b723b53d0e47') in 0.006095458 seconds
Number of updated asset objects reloaded before import = 0Number of asset objects unloaded after import = 3

========================================================================
Received Import Request.
  Time since last request: 212.190856 seconds.
  path: Assets/Sci-Fi Styled Modular Pack
  artifactKey: Guid(f2baae9a6596c42639b38c8ac6831a27) Importer(815301076,1909f56bfc062723c751e8b465ee728b)
Start importing Assets/Sci-Fi Styled Modular Pack using Guid(f2baae9a6596c42639b38c8ac6831a27) Importer(815301076,1909f56bfc062723c751e8b465ee728b) (PreviewImporter) -> (artifact id: 'e9e0dc604798357e3f1a9ecb46fbc1b6') in 0.000361208 seconds
Number of updated asset objects reloaded before import = 0Number of asset objects unloaded after import = 0

========================================================================
Received Import Request.
  Time since last request: 12.628063 seconds.
  path: Assets/Textures/522f606c64525168201049babb6871f6.jpg
  artifactKey: Guid(9d70957e958dc4fe38f94b755a3da262) Importer(815301076,1909f56bfc062723c751e8b465ee728b)
Start importing Assets/Textures/522f606c64525168201049babb6871f6.jpg using Guid(9d70957e958dc4fe38f94b755a3da262) Importer(815301076,1909f56bfc062723c751e8b465ee728b) (PreviewImporter) -> (artifact id: '10732cb49dc889958b25a364e9be9da1') in 0.004841458 seconds
Number of updated asset objects reloaded before import = 0Number of asset objects unloaded after import = 2

========================================================================
Received Import Request.
  Time since last request: 10.202629 seconds.
  path: Assets/Textures/depositphotos_53728777-stock-photo-mud-seamless-texture-tile.jpg
  artifactKey: Guid(88c66786d56544790867cadd3a32988c) Importer(815301076,1909f56bfc062723c751e8b465ee728b)
Start importing Assets/Textures/depositphotos_53728777-stock-photo-mud-seamless-texture-tile.jpg using Guid(88c66786d56544790867cadd3a32988c) Importer(815301076,1909f56bfc062723c751e8b465ee728b) (PreviewImporter) -> (artifact id: 'd51f91d2b8b6acbab8ee7c09e46d6e83') in 0.006410667 seconds
Number of updated asset objects reloaded before import = 0Number of asset objects unloaded after import = 2

========================================================================
Received Import Request.
  Time since last request: 287.514056 seconds.
  path: Assets/NewLayer 4.terrainlayer
  artifactKey: Guid(21b3764eb2325426a8c287b4fff12ad2) Importer(815301076,1909f56bfc062723c751e8b465ee728b)
Start importing Assets/NewLayer 4.terrainlayer using Guid(21b3764eb2325426a8c287b4fff12ad2) Importer(815301076,1909f56bfc062723c751e8b465ee728b) (PreviewImporter) -> (artifact id: 'beb80a7a302cd535643267f51991c328') in 0.006753625 seconds
Number of updated asset objects reloaded before import = 0Number of asset objects unloaded after import = 2

========================================================================
Received Import Request.
  Time since last request: 79.416241 seconds.
  path: Assets/NewLayer 5.terrainlayer
  artifactKey: Guid(a856fbdf7fb3047d4b3348520bb50cfe) Importer(815301076,1909f56bfc062723c751e8b465ee728b)
Start importing Assets/NewLayer 5.terrainlayer using Guid(a856fbdf7fb3047d4b3348520bb50cfe) Importer(815301076,1909f56bfc062723c751e8b465ee728b) (PreviewImporter) -> (artifact id: 'c582135997ee97788d34dba83227a5e9') in 0.006578333 seconds
Number of updated asset objects reloaded before import = 0Number of asset objects unloaded after import = 2

========================================================================
Received Import Request.
  Time since last request: 182.346579 seconds.
  path: Assets/Sci-Fi Styled Modular Pack/Models/desk.fbx
  artifactKey: Guid(a0d8f320763fe4945b863868635a92f5) Importer(815301076,1909f56bfc062723c751e8b465ee728b)
Start importing Assets/Sci-Fi Styled Modular Pack/Models/desk.fbx using Guid(a0d8f320763fe4945b863868635a92f5) Importer(815301076,1909f56bfc062723c751e8b465ee728b) (PreviewImporter) -> (artifact id: 'd75fe7c98fb2688582fc54ed5ef0cdf0') in 0.52693725 seconds
Number of updated asset objects reloaded before import = 0Number of asset objects unloaded after import = 11

========================================================================
Received Import Request.
  Time since last request: 371.693855 seconds.
  path: Assets/Sci-Fi Styled Modular Pack/Models/window_big_corner_far_LOD0.fbx
  artifactKey: Guid(254583c05ed99994fa03f4a03e218dae) Importer(815301076,1909f56bfc062723c751e8b465ee728b)
Start importing Assets/Sci-Fi Styled Modular Pack/Models/window_big_corner_far_LOD0.fbx using Guid(254583c05ed99994fa03f4a03e218dae) Importer(815301076,1909f56bfc062723c751e8b465ee728b) (PreviewImporter) -> (artifact id: 'd56b3644afab7287ecd627971a6c1d28') in 0.007561834 seconds
Number of updated asset objects reloaded before import = 0Number of asset objects unloaded after import = 8

========================================================================
Received Import Request.
  Time since last request: 2.225495 seconds.
  path: Assets/Sci-Fi Styled Modular Pack/Models/window_big_corner_far_LOD1.fbx
  artifactKey: Guid(ecc9e840bc1009245a8cc26d2cb855aa) Importer(815301076,1909f56bfc062723c751e8b465ee728b)
Start importing Assets/Sci-Fi Styled Modular Pack/Models/window_big_corner_far_LOD1.fbx using Guid(ecc9e840bc1009245a8cc26d2cb855aa) Importer(815301076,1909f56bfc062723c751e8b465ee728b) (PreviewImporter) -> (artifact id: 'bcbf08fb9a496eb3ba8a3a00aae40c2b') in 0.006133041 seconds
Number of updated asset objects reloaded before import = 0Number of asset objects unloaded after import = 8

========================================================================
Received Import Request.
  Time since last request: 1.058094 seconds.
  path: Assets/Sci-Fi Styled Modular Pack/Models/window_big_corner_far_plug.fbx
  artifactKey: Guid(98bf02c8bc226a047b520b0e428a5703) Importer(815301076,1909f56bfc062723c751e8b465ee728b)
Start importing Assets/Sci-Fi Styled Modular Pack/Models/window_big_corner_far_plug.fbx using Guid(98bf02c8bc226a047b520b0e428a5703) Importer(815301076,1909f56bfc062723c751e8b465ee728b) (PreviewImporter) -> (artifact id: 'a9ee49b8869016f38d5b11fc2d2f489c') in 0.005893084 seconds
Number of updated asset objects reloaded before import = 0Number of asset objects unloaded after import = 8

========================================================================
Received Import Request.
  Time since last request: 0.952843 seconds.
  path: Assets/Sci-Fi Styled Modular Pack/Models/window_big_corner_LOD0.fbx
  artifactKey: Guid(4c86d27bffd46554aae1d655796dff65) Importer(815301076,1909f56bfc062723c751e8b465ee728b)
Start importing Assets/Sci-Fi Styled Modular Pack/Models/window_big_corner_LOD0.fbx using Guid(4c86d27bffd46554aae1d655796dff65) Importer(815301076,1909f56bfc062723c751e8b465ee728b) (PreviewImporter) -> (artifact id: 'cf794cd5fabf7ffbbdc44ad837f842a9') in 0.668697458 seconds
Number of updated asset objects reloaded before import = 0Number of asset objects unloaded after import = 12

========================================================================
Received Import Request.
  Time since last request: 1.139566 seconds.
  path: Assets/Sci-Fi Styled Modular Pack/Models/window_big_corner_LOD1.fbx
  artifactKey: Guid(9d05b15ebc07ee144a18b52300023b0b) Importer(815301076,1909f56bfc062723c751e8b465ee728b)
Start importing Assets/Sci-Fi Styled Modular Pack/Models/window_big_corner_LOD1.fbx using Guid(9d05b15ebc07ee144a18b52300023b0b) Importer(815301076,1909f56bfc062723c751e8b465ee728b) (PreviewImporter) -> (artifact id: '08f79797ab23fb3a1f7c258bf0fd9823') in 0.010293125 seconds
Number of updated asset objects reloaded before import = 0Number of asset objects unloaded after import = 12

========================================================================
Received Import Request.
  Time since last request: 5.938974 seconds.
  path: Assets/Sci-Fi Styled Modular Pack/Models/window_big_corner_plug.fbx
  artifactKey: Guid(caed8062ac253ed45a27eed6a65cac17) Importer(815301076,1909f56bfc062723c751e8b465ee728b)
Start importing Assets/Sci-Fi Styled Modular Pack/Models/window_big_corner_plug.fbx using Guid(caed8062ac253ed45a27eed6a65cac17) Importer(815301076,1909f56bfc062723c751e8b465ee728b) (PreviewImporter) -> (artifact id: '85baa0529e0357fde6d61eeb3908fa28') in 0.006051125 seconds
Number of updated asset objects reloaded before import = 0Number of asset objects unloaded after import = 8

========================================================================
Received Import Request.
  Time since last request: 113.626810 seconds.
  path: Assets/Sci-Fi Styled Modular Pack/Models/wall_big_no_side_full_LOD1.fbx
  artifactKey: Guid(e6ffa3214ac5fbc44b55b9ec7e5fa952) Importer(815301076,1909f56bfc062723c751e8b465ee728b)
Start importing Assets/Sci-Fi Styled Modular Pack/Models/wall_big_no_side_full_LOD1.fbx using Guid(e6ffa3214ac5fbc44b55b9ec7e5fa952) Importer(815301076,1909f56bfc062723c751e8b465ee728b) (PreviewImporter) -> (artifact id: '1519c85f37d28a95c812d27b12e76323') in 0.006635834 seconds
Number of updated asset objects reloaded before import = 0Number of asset objects unloaded after import = 8

========================================================================
Received Import Request.
  Time since last request: 1.775438 seconds.
  path: Assets/Sci-Fi Styled Modular Pack/Models/wall_big_no_side_full_LOD0.fbx
  artifactKey: Guid(10c805e783fd2d64f84bdbb6fae5d25f) Importer(815301076,1909f56bfc062723c751e8b465ee728b)
Start importing Assets/Sci-Fi Styled Modular Pack/Models/wall_big_no_side_full_LOD0.fbx using Guid(10c805e783fd2d64f84bdbb6fae5d25f) Importer(815301076,1909f56bfc062723c751e8b465ee728b) (PreviewImporter) -> (artifact id: 'd686efb6ab619867457d1caa42cb84ac') in 0.006476167 seconds
Number of updated asset objects reloaded before import = 0Number of asset objects unloaded after import = 8

========================================================================
Received Import Request.
  Time since last request: 1.260874 seconds.
  path: Assets/Sci-Fi Styled Modular Pack/Models/wall_small_no_side_full_LOD0.fbx
  artifactKey: Guid(49147130b2b7fa449bbe4566bde06e1d) Importer(815301076,1909f56bfc062723c751e8b465ee728b)
Start importing Assets/Sci-Fi Styled Modular Pack/Models/wall_small_no_side_full_LOD0.fbx using Guid(49147130b2b7fa449bbe4566bde06e1d) Importer(815301076,1909f56bfc062723c751e8b465ee728b) (PreviewImporter) -> (artifact id: '26b0704ece0328bb37f36b382e2b51d2') in 0.33953525 seconds
Number of updated asset objects reloaded before import = 0Number of asset objects unloaded after import = 12

========================================================================
Received Import Request.
  Time since last request: 18.309603 seconds.
  path: Assets/Sci-Fi Styled Modular Pack/Models/decorative_half_wall_1_LOD0.fbx
  artifactKey: Guid(126da1070311a154885091b4c21323c5) Importer(815301076,1909f56bfc062723c751e8b465ee728b)
Start importing Assets/Sci-Fi Styled Modular Pack/Models/decorative_half_wall_1_LOD0.fbx using Guid(126da1070311a154885091b4c21323c5) Importer(815301076,1909f56bfc062723c751e8b465ee728b) (PreviewImporter) -> (artifact id: 'c3ed247f87f48fe2d4dd4ac3d51dc0aa') in 0.024665625 seconds
Number of updated asset objects reloaded before import = 0Number of asset objects unloaded after import = 8

========================================================================
Received Import Request.
  Time since last request: 1.808029 seconds.
  path: Assets/Sci-Fi Styled Modular Pack/Models/decorative_half_wall_1_LOD1.fbx
  artifactKey: Guid(aa82f952555438f45a16e519c23f9b0f) Importer(815301076,1909f56bfc062723c751e8b465ee728b)
Start importing Assets/Sci-Fi Styled Modular Pack/Models/decorative_half_wall_1_LOD1.fbx using Guid(aa82f952555438f45a16e519c23f9b0f) Importer(815301076,1909f56bfc062723c751e8b465ee728b) (PreviewImporter) -> (artifact id: 'd77c1a77f7c9177d7f89b3aecc004cf7') in 0.006849625 seconds
Number of updated asset objects reloaded before import = 0Number of asset objects unloaded after import = 8

========================================================================
Received Import Request.
  Time since last request: 0.808076 seconds.
  path: Assets/Sci-Fi Styled Modular Pack/Models/decorative_half_wall_2_LOD0.fbx
  artifactKey: Guid(2f9d1dcfed18d0741beb67e027251e64) Importer(815301076,1909f56bfc062723c751e8b465ee728b)
Start importing Assets/Sci-Fi Styled Modular Pack/Models/decorative_half_wall_2_LOD0.fbx using Guid(2f9d1dcfed18d0741beb67e027251e64) Importer(815301076,1909f56bfc062723c751e8b465ee728b) (PreviewImporter) -> (artifact id: 'aeb481702853492ed473bf5fcfd51fac') in 0.007110417 seconds
Number of updated asset objects reloaded before import = 0Number of asset objects unloaded after import = 8

========================================================================
Received Import Request.
  Time since last request: 5.708828 seconds.
  path: Assets/Sci-Fi Styled Modular Pack/Models/decorative_wall_H.fbx
  artifactKey: Guid(c881dff15378dc146987c3f5edb29504) Importer(815301076,1909f56bfc062723c751e8b465ee728b)
Start importing Assets/Sci-Fi Styled Modular Pack/Models/decorative_wall_H.fbx using Guid(c881dff15378dc146987c3f5edb29504) Importer(815301076,1909f56bfc062723c751e8b465ee728b) (PreviewImporter) -> (artifact id: '48fe4de83f2d4fbc1d21954867e37844') in 0.005859833 seconds
Number of updated asset objects reloaded before import = 0Number of asset objects unloaded after import = 8

========================================================================
Received Import Request.
  Time since last request: 23.543892 seconds.
  path: Assets/Sci-Fi Styled Modular Pack/Models/light_wall_1.fbx
  artifactKey: Guid(7f4bb4ae1f8094c47abdd09a12d0a39c) Importer(815301076,1909f56bfc062723c751e8b465ee728b)
Start importing Assets/Sci-Fi Styled Modular Pack/Models/light_wall_1.fbx using Guid(7f4bb4ae1f8094c47abdd09a12d0a39c) Importer(815301076,1909f56bfc062723c751e8b465ee728b) (PreviewImporter) -> (artifact id: 'e1abeedc61541eb0fdad3972375e423e') in 0.007175542 seconds
Number of updated asset objects reloaded before import = 0Number of asset objects unloaded after import = 9

========================================================================
Received Import Request.
  Time since last request: 1.493028 seconds.
  path: Assets/Sci-Fi Styled Modular Pack/Models/light_wall_1_blue.fbx
  artifactKey: Guid(df2a0aea3cdc2bb49a0c359b09b0abdd) Importer(815301076,1909f56bfc062723c751e8b465ee728b)
Start importing Assets/Sci-Fi Styled Modular Pack/Models/light_wall_1_blue.fbx using Guid(df2a0aea3cdc2bb49a0c359b09b0abdd) Importer(815301076,1909f56bfc062723c751e8b465ee728b) (PreviewImporter) -> (artifact id: '4ac64f39ada0d917747610150e04efee') in 0.008112875 seconds
Number of updated asset objects reloaded before import = 0Number of asset objects unloaded after import = 9

========================================================================
Received Import Request.
  Time since last request: 5.424294 seconds.
  path: Assets/Sci-Fi Styled Modular Pack/Models/decorative_chair.fbx
  artifactKey: Guid(96bdbf948202cef43b00e20aa0e32a51) Importer(815301076,1909f56bfc062723c751e8b465ee728b)
Start importing Assets/Sci-Fi Styled Modular Pack/Models/decorative_chair.fbx using Guid(96bdbf948202cef43b00e20aa0e32a51) Importer(815301076,1909f56bfc062723c751e8b465ee728b) (PreviewImporter) -> (artifact id: 'a9f569c73b2125a3a9eab992b0251043') in 0.006386375 seconds
Number of updated asset objects reloaded before import = 0Number of asset objects unloaded after import = 8

========================================================================
Received Import Request.
  Time since last request: 8.742402 seconds.
  path: Assets/Sci-Fi Styled Modular Pack/Models/decorative_wall_1_LOD0.fbx
  artifactKey: Guid(cfaae91c0468de14fa52db2da7d5746a) Importer(815301076,1909f56bfc062723c751e8b465ee728b)
Start importing Assets/Sci-Fi Styled Modular Pack/Models/decorative_wall_1_LOD0.fbx using Guid(cfaae91c0468de14fa52db2da7d5746a) Importer(815301076,1909f56bfc062723c751e8b465ee728b) (PreviewImporter) -> (artifact id: '9e43463ab3d9a0d689353706c62ebd38') in 0.006725791 seconds
Number of updated asset objects reloaded before import = 0Number of asset objects unloaded after import = 8

========================================================================
Received Import Request.
  Time since last request: 1.292482 seconds.
  path: Assets/Sci-Fi Styled Modular Pack/Models/decorative_wall_1_LOD1.fbx
  artifactKey: Guid(0eb978c8eaeb00e4882ac2cf4e1ab020) Importer(815301076,1909f56bfc062723c751e8b465ee728b)
Start importing Assets/Sci-Fi Styled Modular Pack/Models/decorative_wall_1_LOD1.fbx using Guid(0eb978c8eaeb00e4882ac2cf4e1ab020) Importer(815301076,1909f56bfc062723c751e8b465ee728b) (PreviewImporter) -> (artifact id: '6e1163b6e47e75daccce55cae35dcf7f') in 0.006952375 seconds
Number of updated asset objects reloaded before import = 0Number of asset objects unloaded after import = 8

========================================================================
Received Import Request.
  Time since last request: 1213.913521 seconds.
  path: Assets/Sci-Fi Styled Modular Pack/Models/floor_1.fbx
  artifactKey: Guid(d48aaf8e2d925ae4d97369f487b2834c) Importer(815301076,1909f56bfc062723c751e8b465ee728b)
Start importing Assets/Sci-Fi Styled Modular Pack/Models/floor_1.fbx using Guid(d48aaf8e2d925ae4d97369f487b2834c) Importer(815301076,1909f56bfc062723c751e8b465ee728b) (PreviewImporter) -> (artifact id: '2cb7d1870097d2b7aab7cecdd3705046') in 0.008993959 seconds
Number of updated asset objects reloaded before import = 0Number of asset objects unloaded after import = 10

